Arguments: 
  H:\Node.js\node.exe C:\Users\48042\AppData\Roaming\npm\node_modules\yarn\bin\yarn.js add @types/vuex

PATH: 
  C:\Program Files\PlasticSCM5\server;C:\Program Files\PlasticSCM5\client;C:\Program Files\Common Files\Oracle\Java\javapath;G:\VMware_Workstation_Pro\bin\;C:\Windows\system32;C:\Windows;C:\Windows\System32\Wbem;C:\Windows\System32\WindowsPowerShell\v1.0\;C:\Windows\System32\OpenSSH\;C:\Program Files (x86)\NVIDIA Corporation\PhysX\Common;G:\Git\Git\cmd;C:\Program Files\TortoiseGit\bin;H:\MinGW\bin;H:\Node.js\;C:\Program Files\dotnet\;C:\Program Files\NVIDIA Corporation\NVIDIA NvDLISR;H:\微信开发者工具\微信web开发者工具\dll;H:\Java\bin;G:\MySql\MysqlSpace\bin;G:\Maven\apache-maven-3.8.6\bin;C:\Users\48042\AppData\Local\Microsoft\WindowsApps;H:\VSCode\Microsoft VS Code\bin;C:\Users\48042\AppData\Roaming\npm;G:\mingw64\bin;G:\IntelliJ IDEA 2021.3.3\bin;C:\adb;C:\Users\48042\AppData\Local\Programs\Python\Python39\Scripts\;C:\Users\48042\AppData\Local\Programs\Python\Python39\;C:\Users\48042\.dotnet\tools

Yarn version: 
  1.22.19

Node version: 
  16.14.0

Platform: 
  win32 x64

Trace: 
  Error: http://registry.npm.taobao.org/@types%2fvuex: Not found
      at Request.params.callback [as _callback] (C:\Users\48042\AppData\Roaming\npm\node_modules\yarn\lib\cli.js:66145:18)
      at Request.self.callback (C:\Users\48042\AppData\Roaming\npm\node_modules\yarn\lib\cli.js:140890:22)
      at Request.emit (node:events:520:28)
      at Request.<anonymous> (C:\Users\48042\AppData\Roaming\npm\node_modules\yarn\lib\cli.js:141862:10)
      at Request.emit (node:events:520:28)
      at IncomingMessage.<anonymous> (C:\Users\48042\AppData\Roaming\npm\node_modules\yarn\lib\cli.js:141784:12)
      at Object.onceWrapper (node:events:639:28)
      at IncomingMessage.emit (node:events:532:35)
      at endReadableNT (node:internal/streams/readable:1346:12)
      at processTicksAndRejections (node:internal/process/task_queues:83:21)

npm manifest: 
  {
    "name": "hairymusic",
    "version": "1.0.0",
    "description": "",
    "main": "index.js",
    "scripts": {
      "start": "webpack server --mode=development --config build/webpack.config.js",
      "build": "webpack --mode=production --config build/webpack.config.js"
    },
    "keywords": [],
    "author": "",
    "license": "ISC",
    "devDependencies": {
      "@babel/core": "^7.21.4",
      "@babel/plugin-proposal-class-properties": "^7.18.6",
      "@babel/plugin-proposal-object-rest-spread": "^7.20.7",
      "@babel/plugin-transform-runtime": "^7.21.4",
      "@babel/preset-env": "^7.21.4",
      "@babel/preset-typescript": "^7.21.4",
      "autoprefixer": "^10.4.14",
      "babel-loader": "^9.1.2",
      "clean-webpack-plugin": "^4.0.0",
      "css-loader": "^6.7.3",
      "css-minimizer-webpack-plugin": "^5.0.0",
      "html-webpack-plugin": "^5.5.0",
      "node-sass": "^8.0.0",
      "postcss-loader": "^7.2.4",
      "sass-loader": "^13.2.2",
      "style-loader": "^3.3.2",
      "terser-webpack-plugin": "^5.3.7",
      "typescript": "^5.0.3",
      "webpack": "^5.78.0",
      "webpack-cli": "^5.0.1",
      "webpack-dev-server": "^4.13.2",
      "webpack-merge": "^5.8.0"
    },
    "dependencies": {
      "@babel/runtime": "^7.21.0",
      "@babel/runtime-corejs3": "^7.21.0",
      "@types/vue-router": "^2.0.0",
      "@vue/compiler-sfc": "^3.2.47",
      "axios": "^1.3.5",
      "core-js": "^3.30.0",
      "mini-css-extract-plugin": "^2.7.5",
      "vue": "^3.2.47",
      "vue-loader": "^17.0.1",
      "vue-router": "^4.1.6",
      "vuex": "^4.1.0"
    },
    "browserslist": [
      "defaults",
      "not ie < 11",
      "last 2 versions",
      "> 1%",
      "last 3 iOS versions"
    ]
  }

yarn manifest: 
  No manifest

Lockfile: 
  No lockfile
